<?xml version="1.0" encoding="UTF-8"?>
<testsuite xmlns:xsi="http://www.w3.org/2001/XMLSchema-instance" xsi:noNamespaceSchemaLocation="https://maven.apache.org/surefire/maven-surefire-plugin/xsd/surefire-test-report-3.0.xsd" version="3.0" name="com.example.doctorappointments.DoctorAppointmentsApplicationTests" time="3.073" tests="1" errors="0" skipped="0" failures="0">
  <properties>
[...]
</properties>
  <testcase name="contextLoads" classname="com.example.doctorappointments.DoctorAppointmentsApplicationTests" time="0.862">
    <system-out><![CDATA[20:51:37.754 [main] INFO org.springframework.test.context.support.AnnotationConfigContextLoaderUtils -- Could not detect default configuration classes for test class [com.example.doctorappointments.DoctorAppointmentsApplicationTests]: DoctorAppointmentsApplicationTests does not declare any static, non-private, non-final, nested classes annotated with @Configuration.
20:51:37.873 [main] INFO org.springframework.boot.test.context.SpringBootTestContextBootstrapper -- Found @SpringBootConfiguration com.example.doctorappointments.DoctorAppointmentsApplication for test class com.example.doctorappointments.DoctorAppointmentsApplicationTests
20:51:38.055 [main] INFO org.springframework.boot.devtools.restart.RestartApplicationListener -- Restart disabled due to context in which it is running

  .   ____          _            __ _ _
 /\\ / ___'_ __ _ _(_)_ __  __ _ \ \ \ \
( ( )\___ | '_ | '_| | '_ \/ _` | \ \ \ \
 \\/  ___)| |_)| | | | | || (_| |  ) ) ) )
  '  |____| .__|_| |_|_| |_\__, | / / / /
 =========|_|==============|___/=/_/_/_/
 :: Spring Boot ::                (v3.2.5)

2025-05-15T20:51:38.333+03:00  INFO 26540 --- [           main] c.e.d.DoctorAppointmentsApplicationTests : Starting DoctorAppointmentsApplicationTests using Java 21.0.7 with PID 26540 (started by podar in C:\Users\podar\OneDrive\Рабочий стол\Final Project)
2025-05-15T20:51:38.336+03:00  INFO 26540 --- [           main] c.e.d.DoctorAppointmentsApplicationTests : No active profile set, falling back to 1 default profile: "default"
2025-05-15T20:51:39.790+03:00  INFO 26540 --- [           main] c.e.d.DoctorAppointmentsApplicationTests : Started DoctorAppointmentsApplicationTests in 1.75 seconds (process running for 2.647)
]]></system-out>
    <system-err><![CDATA[WARNING: A Java agent has been loaded dynamically (C:\Users\podar\.m2\repository\net\bytebuddy\byte-buddy-agent\1.14.13\byte-buddy-agent-1.14.13.jar)
WARNING: If a serviceability tool is in use, please run with -XX:+EnableDynamicAgentLoading to hide this warning
WARNING: If a serviceability tool is not in use, please run with -Djdk.instrument.traceUsage for more information
WARNING: Dynamic loading of agents will be disallowed by default in a future release
]]></system-err>
  </testcase>
</testsuite>